{"level":"info","message":"Server running on port 3000","timestamp":"2024-12-15T18:55:42.531Z"}
{"level":"info","message":"Server running on port 3000","timestamp":"2024-12-15T19:39:08.465Z"}
{"0":{"code":"auth_failed","detail":"Please authorize by providing either the Authorization or the X-Api-Key request header.","title":"Authorization failed"},"level":"error","message":"Error removing background:","timestamp":"2024-12-15T19:39:13.300Z"}
{"level":"error","message":"Error processing image: Failed to remove background from image","stack":"Error: Failed to remove background from image\n    at exports.removeBackground (D:\\Downloads\\bg rem api\\project\\src\\services\\backgroundRemoval.js:23:11)\n    at process.processTicksAndRejections (node:internal/process/task_queues:95:5)\n    at async exports.processImage (D:\\Downloads\\bg rem api\\project\\src\\controllers\\imageController.js:11:34)","timestamp":"2024-12-15T19:39:13.302Z"}
{"level":"error","message":"Error: Failed to remove background from image\n    at exports.removeBackground (D:\\Downloads\\bg rem api\\project\\src\\services\\backgroundRemoval.js:23:11)\n    at process.processTicksAndRejections (node:internal/process/task_queues:95:5)\n    at async exports.processImage (D:\\Downloads\\bg rem api\\project\\src\\controllers\\imageController.js:11:34)","timestamp":"2024-12-15T19:39:13.303Z"}
{"level":"info","message":"Server running on port 3000","timestamp":"2024-12-15T19:45:56.737Z"}
{"0":{"code":"invalid_position","title":"Invalid position parameter given"},"level":"error","message":"Error removing background:","timestamp":"2024-12-15T19:46:05.650Z"}
{"level":"error","message":"Error processing image: Failed to remove background from image","stack":"Error: Failed to remove background from image\n    at exports.removeBackground (D:\\Downloads\\bg rem api\\project\\src\\services\\backgroundRemoval.js:23:11)\n    at process.processTicksAndRejections (node:internal/process/task_queues:95:5)\n    at async exports.processImage (D:\\Downloads\\bg rem api\\project\\src\\controllers\\imageController.js:11:34)","timestamp":"2024-12-15T19:46:05.652Z"}
{"level":"error","message":"Error: Failed to remove background from image\n    at exports.removeBackground (D:\\Downloads\\bg rem api\\project\\src\\services\\backgroundRemoval.js:23:11)\n    at process.processTicksAndRejections (node:internal/process/task_queues:95:5)\n    at async exports.processImage (D:\\Downloads\\bg rem api\\project\\src\\controllers\\imageController.js:11:34)","timestamp":"2024-12-15T19:46:05.654Z"}
{"0":{"code":"invalid_position","title":"Invalid position parameter given"},"level":"error","message":"Error removing background:","timestamp":"2024-12-15T19:46:07.834Z"}
{"level":"error","message":"Error processing image: Failed to remove background from image","stack":"Error: Failed to remove background from image\n    at exports.removeBackground (D:\\Downloads\\bg rem api\\project\\src\\services\\backgroundRemoval.js:23:11)\n    at process.processTicksAndRejections (node:internal/process/task_queues:95:5)\n    at async exports.processImage (D:\\Downloads\\bg rem api\\project\\src\\controllers\\imageController.js:11:34)","timestamp":"2024-12-15T19:46:07.836Z"}
{"level":"error","message":"Error: Failed to remove background from image\n    at exports.removeBackground (D:\\Downloads\\bg rem api\\project\\src\\services\\backgroundRemoval.js:23:11)\n    at process.processTicksAndRejections (node:internal/process/task_queues:95:5)\n    at async exports.processImage (D:\\Downloads\\bg rem api\\project\\src\\controllers\\imageController.js:11:34)","timestamp":"2024-12-15T19:46:07.839Z"}
{"level":"info","message":"Server running on port 3000","timestamp":"2024-12-15T19:46:52.188Z"}
{"0":{"code":"invalid_position","title":"Invalid position parameter given"},"level":"error","message":"Error removing background:","timestamp":"2024-12-15T19:46:55.612Z"}
{"level":"error","message":"Error processing image: Failed to remove background from image","stack":"Error: Failed to remove background from image\n    at exports.removeBackground (D:\\Downloads\\bg rem api\\project\\src\\services\\backgroundRemoval.js:23:11)\n    at process.processTicksAndRejections (node:internal/process/task_queues:95:5)\n    at async exports.processImage (D:\\Downloads\\bg rem api\\project\\src\\controllers\\imageController.js:11:34)","timestamp":"2024-12-15T19:46:55.614Z"}
{"level":"error","message":"Error: Failed to remove background from image\n    at exports.removeBackground (D:\\Downloads\\bg rem api\\project\\src\\services\\backgroundRemoval.js:23:11)\n    at process.processTicksAndRejections (node:internal/process/task_queues:95:5)\n    at async exports.processImage (D:\\Downloads\\bg rem api\\project\\src\\controllers\\imageController.js:11:34)","timestamp":"2024-12-15T19:46:55.615Z"}
{"level":"info","message":"Server running on port 3000","timestamp":"2024-12-15T19:53:25.678Z"}
{"level":"info","message":"Server running on port 3000","timestamp":"2024-12-15T19:53:31.451Z"}
{"level":"info","message":"Image saved at \\tmp\\processed-images\\processed-image-1734292428832.png with public URL /images/processed-image-1734292428832.png","timestamp":"2024-12-15T19:53:48.834Z"}
{"level":"info","message":"Server running on port 3000","timestamp":"2024-12-15T19:58:20.695Z"}
{"level":"info","message":"Server running on port 3000","timestamp":"2024-12-15T19:58:21.815Z"}
{"level":"info","message":"Server running on port 3000","timestamp":"2024-12-15T19:58:25.547Z"}
{"level":"info","message":"Bounding Box:","timestamp":"2024-12-15T19:58:56.049Z","x_max":400,"x_min":50,"y_max":400,"y_min":50}
{"level":"info","message":"Image saved at \\tmp\\processed-images\\processed-image-1734292738761.png with public URL /images/processed-image-1734292738761.png","timestamp":"2024-12-15T19:58:58.763Z"}
{"level":"info","message":"Server running on port 3000","timestamp":"2024-12-15T20:03:16.605Z"}
{"level":"info","message":"Server running on port 3000","timestamp":"2024-12-15T20:03:27.024Z"}
{"level":"info","message":"Server running on port 3000","timestamp":"2024-12-15T20:03:58.698Z"}
{"0":{"code":"missing_source","detail":"Please provide the source image in the image_url, image_file or image_file_b64 parameter.","title":"No image given"},"level":"error","message":"Error removing background:","timestamp":"2024-12-15T20:04:12.870Z"}
{"level":"error","message":"Error processing image: Failed to remove background from image","stack":"Error: Failed to remove background from image\n    at exports.removeBackground (D:\\Downloads\\bg rem api\\project\\src\\services\\backgroundRemoval.js:32:11)\n    at process.processTicksAndRejections (node:internal/process/task_queues:95:5)\n    at async exports.processImage (D:\\Downloads\\bg rem api\\project\\src\\controllers\\imageController.js:11:34)","timestamp":"2024-12-15T20:04:12.872Z"}
{"level":"error","message":"Error: Failed to remove background from image\n    at exports.removeBackground (D:\\Downloads\\bg rem api\\project\\src\\services\\backgroundRemoval.js:32:11)\n    at process.processTicksAndRejections (node:internal/process/task_queues:95:5)\n    at async exports.processImage (D:\\Downloads\\bg rem api\\project\\src\\controllers\\imageController.js:11:34)","timestamp":"2024-12-15T20:04:12.874Z"}
{"level":"info","message":"Server running on port 3000","timestamp":"2024-12-15T20:05:15.957Z"}
{"level":"info","message":"Image saved at \\tmp\\processed-images\\processed-image-1734293122963.png with public URL /images/processed-image-1734293122963.png","timestamp":"2024-12-15T20:05:22.964Z"}
{"level":"info","message":"Server running on port 3000","timestamp":"2024-12-15T20:13:02.969Z"}
